mode: set
DartScheduler/domain/player.go:14.44,16.21 2 1
DartScheduler/domain/player.go:16.21,18.3 1 1
DartScheduler/domain/player.go:19.2,19.72 1 1
DartScheduler/scheduler/annealing.go:44.9,55.38 9 1
DartScheduler/scheduler/annealing.go:55.38,56.28 1 1
DartScheduler/scheduler/annealing.go:56.28,59.4 1 1
DartScheduler/scheduler/annealing.go:60.3,62.39 2 1
DartScheduler/scheduler/annealing.go:62.39,64.24 1 1
DartScheduler/scheduler/annealing.go:64.24,66.5 1 1
DartScheduler/scheduler/annealing.go:66.10,68.5 1 1
DartScheduler/scheduler/annealing.go:70.3,70.22 1 1
DartScheduler/scheduler/annealing.go:70.22,74.4 2 1
DartScheduler/scheduler/annealing.go:76.3,76.31 1 1
DartScheduler/scheduler/annealing.go:76.31,78.12 2 1
DartScheduler/scheduler/annealing.go:81.3,85.54 4 1
DartScheduler/scheduler/annealing.go:85.54,87.30 2 1
DartScheduler/scheduler/annealing.go:87.30,90.5 2 1
DartScheduler/scheduler/annealing.go:91.9,93.4 1 1
DartScheduler/scheduler/annealing.go:94.3,94.13 1 1
DartScheduler/scheduler/annealing.go:96.2,97.13 2 1
DartScheduler/scheduler/annealing.go:109.14,110.26 1 1
DartScheduler/scheduler/annealing.go:110.26,112.3 1 1
DartScheduler/scheduler/annealing.go:113.2,115.46 2 1
DartScheduler/scheduler/annealing.go:115.46,115.109 1 1
DartScheduler/scheduler/annealing.go:116.2,116.32 1 1
DartScheduler/scheduler/annealing.go:116.32,121.33 3 1
DartScheduler/scheduler/annealing.go:121.33,123.4 1 1
DartScheduler/scheduler/annealing.go:124.3,124.43 1 1
DartScheduler/scheduler/annealing.go:124.43,124.122 1 1
DartScheduler/scheduler/annealing.go:126.3,126.37 1 1
DartScheduler/scheduler/annealing.go:126.37,129.24 3 1
DartScheduler/scheduler/annealing.go:129.24,130.13 1 1
DartScheduler/scheduler/annealing.go:135.4,136.15 2 1
DartScheduler/scheduler/annealing.go:136.15,138.5 1 1
DartScheduler/scheduler/annealing.go:142.4,144.50 3 1
DartScheduler/scheduler/annealing.go:144.50,144.121 1 1
DartScheduler/scheduler/annealing.go:145.4,145.51 1 1
DartScheduler/scheduler/annealing.go:145.51,145.126 1 1
DartScheduler/scheduler/annealing.go:147.4,147.36 1 1
DartScheduler/scheduler/annealing.go:147.36,148.26 1 1
DartScheduler/scheduler/annealing.go:148.26,149.14 1 1
DartScheduler/scheduler/annealing.go:151.5,151.38 1 1
DartScheduler/scheduler/annealing.go:151.38,152.39 1 1
DartScheduler/scheduler/annealing.go:152.39,154.7 1 1
DartScheduler/scheduler/annealing.go:159.2,159.15 1 1
DartScheduler/scheduler/annealing.go:170.14,174.34 3 1
DartScheduler/scheduler/annealing.go:174.34,176.3 1 1
DartScheduler/scheduler/annealing.go:177.2,177.46 1 1
DartScheduler/scheduler/annealing.go:177.46,177.109 1 1
DartScheduler/scheduler/annealing.go:179.2,179.33 1 1
DartScheduler/scheduler/annealing.go:179.33,183.39 3 1
DartScheduler/scheduler/annealing.go:183.39,184.21 1 1
DartScheduler/scheduler/annealing.go:184.21,186.17 2 1
DartScheduler/scheduler/annealing.go:186.17,188.6 1 1
DartScheduler/scheduler/annealing.go:189.5,189.37 1 1
DartScheduler/scheduler/annealing.go:189.37,192.45 2 1
DartScheduler/scheduler/annealing.go:192.45,192.88 1 1
DartScheduler/scheduler/annealing.go:193.6,193.31 1 1
DartScheduler/scheduler/annealing.go:193.31,194.28 1 1
DartScheduler/scheduler/annealing.go:194.28,195.16 1 1
DartScheduler/scheduler/annealing.go:198.7,198.62 1 1
DartScheduler/scheduler/annealing.go:198.62,201.36 2 1
DartScheduler/scheduler/annealing.go:201.36,202.21 1 1
DartScheduler/scheduler/annealing.go:202.21,204.10 1 1
DartScheduler/scheduler/annealing.go:208.6,208.18 1 1
DartScheduler/scheduler/annealing.go:210.10,213.5 2 1
DartScheduler/scheduler/annealing.go:216.2,216.15 1 1
DartScheduler/scheduler/annealing.go:220.70,222.29 2 1
DartScheduler/scheduler/annealing.go:222.29,225.3 2 1
DartScheduler/scheduler/annealing.go:226.2,226.12 1 1
DartScheduler/scheduler/annealing.go:230.55,231.15 1 1
DartScheduler/scheduler/annealing.go:231.15,233.3 1 1
DartScheduler/scheduler/annealing.go:234.2,235.21 2 1
DartScheduler/scheduler/annealing.go:235.21,237.3 1 1
DartScheduler/scheduler/annealing.go:238.2,238.12 1 1
DartScheduler/scheduler/annealing.go:241.148,248.2 6 1
DartScheduler/scheduler/annealing.go:251.88,253.32 2 1
DartScheduler/scheduler/annealing.go:253.32,256.3 2 1
DartScheduler/scheduler/annealing.go:257.2,257.10 1 1
DartScheduler/scheduler/annealing.go:262.37,266.2 3 1
DartScheduler/scheduler/constraints.go:17.106,19.24 2 1
DartScheduler/scheduler/constraints.go:19.24,21.3 1 1
DartScheduler/scheduler/constraints.go:22.2,22.33 1 1
DartScheduler/scheduler/constraints.go:22.33,26.3 3 1
DartScheduler/scheduler/constraints.go:27.2,27.15 1 1
DartScheduler/scheduler/constraints.go:31.102,33.22 2 1
DartScheduler/scheduler/constraints.go:33.22,35.3 1 1
DartScheduler/scheduler/constraints.go:36.2,36.33 1 1
DartScheduler/scheduler/constraints.go:36.33,40.3 3 1
DartScheduler/scheduler/constraints.go:41.2,41.13 1 1
DartScheduler/scheduler/constraints.go:46.119,49.28 3 1
DartScheduler/scheduler/constraints.go:49.28,50.26 1 1
DartScheduler/scheduler/constraints.go:50.26,52.25 2 1
DartScheduler/scheduler/constraints.go:52.25,54.5 1 1
DartScheduler/scheduler/constraints.go:55.4,55.17 1 1
DartScheduler/scheduler/constraints.go:55.17,57.5 1 1
DartScheduler/scheduler/constraints.go:60.2,60.19 1 1
DartScheduler/scheduler/constraints.go:66.123,67.26 1 1
DartScheduler/scheduler/constraints.go:67.26,69.3 1 1
DartScheduler/scheduler/constraints.go:70.2,75.32 5 1
DartScheduler/scheduler/constraints.go:75.32,79.32 4 1
DartScheduler/scheduler/constraints.go:79.32,80.12 1 1
DartScheduler/scheduler/constraints.go:82.3,83.26 2 1
DartScheduler/scheduler/constraints.go:83.26,84.20 1 1
DartScheduler/scheduler/constraints.go:84.20,86.5 1 1
DartScheduler/scheduler/constraints.go:89.2,89.19 1 1
DartScheduler/scheduler/constraints.go:95.94,100.25 3 1
DartScheduler/scheduler/constraints.go:100.25,101.22 1 1
DartScheduler/scheduler/constraints.go:101.22,103.4 1 1
DartScheduler/scheduler/constraints.go:106.2,107.30 2 1
DartScheduler/scheduler/constraints.go:107.30,109.39 2 1
DartScheduler/scheduler/constraints.go:109.39,110.21 1 1
DartScheduler/scheduler/constraints.go:110.21,112.37 2 1
DartScheduler/scheduler/constraints.go:112.37,114.6 1 1
DartScheduler/scheduler/constraints.go:115.10,117.5 1 1
DartScheduler/scheduler/constraints.go:120.2,120.19 1 1
DartScheduler/scheduler/constraints.go:125.94,130.28 4 1
DartScheduler/scheduler/constraints.go:130.28,131.26 1 1
DartScheduler/scheduler/constraints.go:131.26,133.14 2 1
DartScheduler/scheduler/constraints.go:133.14,135.5 1 1
DartScheduler/scheduler/constraints.go:139.2,140.42 2 1
DartScheduler/scheduler/constraints.go:140.42,143.23 3 1
DartScheduler/scheduler/constraints.go:143.23,145.4 1 1
DartScheduler/scheduler/constraints.go:147.2,147.19 1 1
DartScheduler/scheduler/constraints.go:151.75,153.32 2 1
DartScheduler/scheduler/constraints.go:153.32,155.3 1 1
DartScheduler/scheduler/constraints.go:156.2,158.27 3 1
DartScheduler/scheduler/constraints.go:158.27,161.3 2 1
DartScheduler/scheduler/constraints.go:162.2,162.40 1 1
DartScheduler/scheduler/round_robin.go:11.53,15.20 3 1
DartScheduler/scheduler/round_robin.go:15.20,17.3 1 1
DartScheduler/scheduler/round_robin.go:18.2,21.24 3 1
DartScheduler/scheduler/round_robin.go:21.24,24.29 3 1
DartScheduler/scheduler/round_robin.go:24.29,26.44 2 1
DartScheduler/scheduler/round_robin.go:26.44,28.5 1 1
DartScheduler/scheduler/round_robin.go:30.3,34.15 4 1
DartScheduler/scheduler/round_robin.go:36.2,36.15 1 1
DartScheduler/scheduler/scheduler.go:37.50,38.25 1 1
DartScheduler/scheduler/scheduler.go:38.25,40.3 1 1
DartScheduler/scheduler/scheduler.go:41.2,41.24 1 1
DartScheduler/scheduler/scheduler.go:41.24,43.3 1 1
DartScheduler/scheduler/scheduler.go:45.2,49.31 3 1
DartScheduler/scheduler/scheduler.go:49.31,51.3 1 1
DartScheduler/scheduler/scheduler.go:54.2,58.27 3 1
DartScheduler/scheduler/scheduler.go:58.27,60.3 1 1
DartScheduler/scheduler/scheduler.go:61.2,61.27 1 1
DartScheduler/scheduler/scheduler.go:61.27,63.3 1 0
DartScheduler/scheduler/scheduler.go:64.2,85.36 10 1
DartScheduler/scheduler/scheduler.go:85.36,87.32 2 1
DartScheduler/scheduler/scheduler.go:87.32,89.4 1 1
DartScheduler/scheduler/scheduler.go:89.9,91.4 1 1
DartScheduler/scheduler/scheduler.go:92.3,96.4 1 1
DartScheduler/scheduler/scheduler.go:99.2,99.33 1 1
DartScheduler/scheduler/scheduler.go:99.33,107.3 2 1
DartScheduler/scheduler/scheduler.go:109.2,111.22 2 1
DartScheduler/scheduler/scheduler.go:115.58,120.38 5 1
DartScheduler/scheduler/scheduler.go:120.38,122.15 2 1
DartScheduler/scheduler/scheduler.go:122.15,124.4 1 1
DartScheduler/scheduler/scheduler.go:125.3,125.52 1 1
DartScheduler/scheduler/scheduler.go:125.52,128.4 2 1
DartScheduler/scheduler/scheduler.go:130.2,130.19 1 1
DartScheduler/usecase/export_usecase.go:33.18,40.2 1 0
DartScheduler/usecase/export_usecase.go:42.87,44.16 2 0
DartScheduler/usecase/export_usecase.go:44.16,46.3 1 0
DartScheduler/usecase/export_usecase.go:47.2,48.16 2 0
DartScheduler/usecase/export_usecase.go:48.16,50.3 1 0
DartScheduler/usecase/export_usecase.go:51.2,51.30 1 0
DartScheduler/usecase/export_usecase.go:51.30,53.17 2 0
DartScheduler/usecase/export_usecase.go:53.17,55.4 1 0
DartScheduler/usecase/export_usecase.go:56.3,56.27 1 0
DartScheduler/usecase/export_usecase.go:58.2,61.16 3 0
DartScheduler/usecase/export_usecase.go:61.16,63.3 1 0
DartScheduler/usecase/export_usecase.go:65.2,65.43 1 0
DartScheduler/usecase/export_usecase.go:69.106,71.16 2 0
DartScheduler/usecase/export_usecase.go:71.16,73.3 1 0
DartScheduler/usecase/export_usecase.go:74.2,75.16 2 0
DartScheduler/usecase/export_usecase.go:75.16,77.3 1 0
DartScheduler/usecase/export_usecase.go:78.2,78.30 1 0
DartScheduler/usecase/export_usecase.go:78.30,79.25 1 0
DartScheduler/usecase/export_usecase.go:79.25,81.4 1 0
DartScheduler/usecase/export_usecase.go:83.2,83.40 1 0
DartScheduler/usecase/export_usecase.go:87.129,89.16 2 0
DartScheduler/usecase/export_usecase.go:89.16,91.3 1 0
DartScheduler/usecase/export_usecase.go:92.2,93.16 2 0
DartScheduler/usecase/export_usecase.go:93.16,95.3 1 0
DartScheduler/usecase/export_usecase.go:96.2,98.30 3 0
DartScheduler/usecase/export_usecase.go:98.30,99.25 1 0
DartScheduler/usecase/export_usecase.go:99.25,102.9 3 0
DartScheduler/usecase/export_usecase.go:105.2,105.12 1 0
DartScheduler/usecase/export_usecase.go:105.12,107.3 1 0
DartScheduler/usecase/export_usecase.go:108.2,109.36 2 0
DartScheduler/usecase/export_usecase.go:109.36,111.3 1 0
DartScheduler/usecase/export_usecase.go:111.8,113.3 1 0
DartScheduler/usecase/export_usecase.go:114.2,114.16 1 0
DartScheduler/usecase/export_usecase.go:114.16,116.3 1 0
DartScheduler/usecase/export_usecase.go:117.2,121.37 2 0
DartScheduler/usecase/export_usecase.go:121.37,123.17 2 0
DartScheduler/usecase/export_usecase.go:123.17,125.4 1 0
DartScheduler/usecase/export_usecase.go:128.3,129.25 2 0
DartScheduler/usecase/export_usecase.go:129.25,130.39 1 0
DartScheduler/usecase/export_usecase.go:130.39,132.5 1 0
DartScheduler/usecase/export_usecase.go:134.3,134.25 1 0
DartScheduler/usecase/export_usecase.go:134.25,136.4 1 0
DartScheduler/usecase/export_usecase.go:136.9,138.4 1 0
DartScheduler/usecase/export_usecase.go:141.2,142.16 2 0
DartScheduler/usecase/export_usecase.go:142.16,144.3 1 0
DartScheduler/usecase/export_usecase.go:145.2,145.65 1 0
DartScheduler/usecase/player_usecase.go:21.100,23.2 1 0
DartScheduler/usecase/player_usecase.go:28.115,30.22 2 0
DartScheduler/usecase/player_usecase.go:30.22,32.3 1 0
DartScheduler/usecase/player_usecase.go:34.2,35.28 2 0
DartScheduler/usecase/player_usecase.go:35.28,50.3 1 0
DartScheduler/usecase/player_usecase.go:52.2,52.56 1 0
DartScheduler/usecase/player_usecase.go:52.56,54.3 1 0
DartScheduler/usecase/player_usecase.go:55.2,60.16 3 0
DartScheduler/usecase/player_usecase.go:60.16,62.3 1 0
DartScheduler/usecase/player_usecase.go:63.2,64.31 2 0
DartScheduler/usecase/player_usecase.go:64.31,65.17 1 0
DartScheduler/usecase/player_usecase.go:65.17,67.4 1 0
DartScheduler/usecase/player_usecase.go:71.2,72.28 2 0
DartScheduler/usecase/player_usecase.go:72.28,73.38 1 0
DartScheduler/usecase/player_usecase.go:73.38,74.12 1 0
DartScheduler/usecase/player_usecase.go:76.3,77.10 2 0
DartScheduler/usecase/player_usecase.go:77.10,78.12 1 0
DartScheduler/usecase/player_usecase.go:80.3,81.10 2 0
DartScheduler/usecase/player_usecase.go:81.10,83.12 2 0
DartScheduler/usecase/player_usecase.go:85.3,85.86 1 0
DartScheduler/usecase/player_usecase.go:89.2,91.25 2 0
DartScheduler/usecase/player_usecase.go:91.25,92.58 1 0
DartScheduler/usecase/player_usecase.go:92.58,94.4 1 0
DartScheduler/usecase/player_usecase.go:95.3,95.33 1 0
DartScheduler/usecase/player_usecase.go:95.33,99.19 1 0
DartScheduler/usecase/player_usecase.go:99.19,101.5 1 0
DartScheduler/usecase/player_usecase.go:103.3,103.102 1 0
DartScheduler/usecase/player_usecase.go:105.2,105.12 1 0
DartScheduler/usecase/player_usecase.go:110.84,113.16 3 0
DartScheduler/usecase/player_usecase.go:113.16,115.3 1 0
DartScheduler/usecase/player_usecase.go:116.2,116.25 1 0
DartScheduler/usecase/player_usecase.go:116.25,118.3 1 0
DartScheduler/usecase/player_usecase.go:119.2,120.21 2 0
DartScheduler/usecase/player_usecase.go:124.83,127.2 2 0
DartScheduler/usecase/player_usecase.go:130.111,132.2 1 0
DartScheduler/usecase/player_usecase.go:135.86,137.59 2 0
DartScheduler/usecase/player_usecase.go:137.59,139.3 1 0
DartScheduler/usecase/player_usecase.go:140.2,140.64 1 0
DartScheduler/usecase/player_usecase.go:140.64,142.3 1 0
DartScheduler/usecase/player_usecase.go:143.2,143.48 1 0
DartScheduler/usecase/player_usecase.go:143.48,145.3 1 0
DartScheduler/usecase/player_usecase.go:146.2,147.12 2 0
DartScheduler/usecase/player_usecase.go:151.118,153.70 2 0
DartScheduler/usecase/player_usecase.go:153.70,155.3 1 0
DartScheduler/usecase/player_usecase.go:156.2,156.31 1 0
DartScheduler/usecase/player_usecase.go:156.31,160.18 1 0
DartScheduler/usecase/player_usecase.go:160.18,162.4 1 0
DartScheduler/usecase/player_usecase.go:164.2,164.12 1 0
DartScheduler/usecase/schedule_usecase.go:29.20,36.2 1 1
DartScheduler/usecase/schedule_usecase.go:38.109,43.16 3 0
DartScheduler/usecase/schedule_usecase.go:43.16,45.3 1 0
DartScheduler/usecase/schedule_usecase.go:48.2,49.31 2 0
DartScheduler/usecase/schedule_usecase.go:49.31,50.53 1 0
DartScheduler/usecase/schedule_usecase.go:50.53,52.4 1 0
DartScheduler/usecase/schedule_usecase.go:54.2,58.16 3 0
DartScheduler/usecase/schedule_usecase.go:58.16,60.3 1 0
DartScheduler/usecase/schedule_usecase.go:61.2,72.32 6 0
DartScheduler/usecase/schedule_usecase.go:72.32,75.10 3 0
DartScheduler/usecase/schedule_usecase.go:76.23,77.59 1 0
DartScheduler/usecase/schedule_usecase.go:78.20,78.20 0 0
DartScheduler/usecase/schedule_usecase.go:80.11,81.59 1 0
DartScheduler/usecase/schedule_usecase.go:85.2,86.33 2 0
DartScheduler/usecase/schedule_usecase.go:86.33,88.3 1 0
DartScheduler/usecase/schedule_usecase.go:90.2,98.16 3 0
DartScheduler/usecase/schedule_usecase.go:98.16,100.3 1 0
DartScheduler/usecase/schedule_usecase.go:101.2,104.32 2 0
DartScheduler/usecase/schedule_usecase.go:104.32,106.3 1 0
DartScheduler/usecase/schedule_usecase.go:108.2,109.54 2 0
DartScheduler/usecase/schedule_usecase.go:109.54,111.3 1 0
DartScheduler/usecase/schedule_usecase.go:112.2,113.36 2 0
DartScheduler/usecase/schedule_usecase.go:113.36,114.61 1 0
DartScheduler/usecase/schedule_usecase.go:114.61,116.4 1 0
DartScheduler/usecase/schedule_usecase.go:117.3,117.26 1 0
DartScheduler/usecase/schedule_usecase.go:117.26,118.64 1 0
DartScheduler/usecase/schedule_usecase.go:118.64,120.5 1 0
DartScheduler/usecase/schedule_usecase.go:121.4,121.35 1 0
DartScheduler/usecase/schedule_usecase.go:124.2,127.33 2 0
DartScheduler/usecase/schedule_usecase.go:127.33,134.61 2 0
DartScheduler/usecase/schedule_usecase.go:134.61,136.4 1 0
DartScheduler/usecase/schedule_usecase.go:138.2,140.19 2 0
DartScheduler/usecase/schedule_usecase.go:143.39,145.24 2 0
DartScheduler/usecase/schedule_usecase.go:145.24,147.3 1 0
DartScheduler/usecase/schedule_usecase.go:148.2,148.10 1 0
DartScheduler/usecase/schedule_usecase.go:151.84,153.16 2 0
DartScheduler/usecase/schedule_usecase.go:153.16,155.3 1 0
DartScheduler/usecase/schedule_usecase.go:156.2,156.31 1 0
DartScheduler/usecase/schedule_usecase.go:159.104,161.16 2 1
DartScheduler/usecase/schedule_usecase.go:161.16,163.3 1 0
DartScheduler/usecase/schedule_usecase.go:164.2,164.31 1 1
DartScheduler/usecase/schedule_usecase.go:167.88,169.16 2 0
DartScheduler/usecase/schedule_usecase.go:169.16,171.3 1 0
DartScheduler/usecase/schedule_usecase.go:172.2,173.30 2 0
DartScheduler/usecase/schedule_usecase.go:173.30,175.17 2 0
DartScheduler/usecase/schedule_usecase.go:175.17,177.4 1 0
DartScheduler/usecase/schedule_usecase.go:178.3,184.4 1 0
DartScheduler/usecase/schedule_usecase.go:186.2,186.17 1 0
DartScheduler/usecase/schedule_usecase.go:191.181,195.16 3 0
DartScheduler/usecase/schedule_usecase.go:195.16,197.3 1 0
DartScheduler/usecase/schedule_usecase.go:199.2,200.31 2 0
DartScheduler/usecase/schedule_usecase.go:200.31,202.3 1 0
DartScheduler/usecase/schedule_usecase.go:205.2,208.32 4 0
DartScheduler/usecase/schedule_usecase.go:208.32,209.52 1 0
DartScheduler/usecase/schedule_usecase.go:209.52,212.4 2 0
DartScheduler/usecase/schedule_usecase.go:213.3,213.81 1 0
DartScheduler/usecase/schedule_usecase.go:216.2,222.54 2 0
DartScheduler/usecase/schedule_usecase.go:222.54,224.3 1 0
DartScheduler/usecase/schedule_usecase.go:226.2,226.36 1 0
DartScheduler/usecase/schedule_usecase.go:226.36,232.61 2 0
DartScheduler/usecase/schedule_usecase.go:232.61,234.4 1 0
DartScheduler/usecase/schedule_usecase.go:236.3,237.46 2 0
DartScheduler/usecase/schedule_usecase.go:237.46,240.20 3 0
DartScheduler/usecase/schedule_usecase.go:240.20,243.13 2 0
DartScheduler/usecase/schedule_usecase.go:245.4,247.84 2 0
DartScheduler/usecase/schedule_usecase.go:247.84,248.80 1 0
DartScheduler/usecase/schedule_usecase.go:248.80,249.17 1 0
DartScheduler/usecase/schedule_usecase.go:249.17,250.15 1 0
DartScheduler/usecase/schedule_usecase.go:252.6,252.53 1 0
DartScheduler/usecase/schedule_usecase.go:252.53,254.7 1 0
DartScheduler/usecase/schedule_usecase.go:254.12,256.7 1 0
DartScheduler/usecase/schedule_usecase.go:259.4,275.14 3 0
DartScheduler/usecase/schedule_usecase.go:275.14,278.5 2 0
DartScheduler/usecase/schedule_usecase.go:279.4,279.32 1 0
DartScheduler/usecase/schedule_usecase.go:281.3,281.23 1 0
DartScheduler/usecase/schedule_usecase.go:281.23,282.61 1 0
DartScheduler/usecase/schedule_usecase.go:282.61,284.5 1 0
DartScheduler/usecase/schedule_usecase.go:289.2,289.37 1 0
DartScheduler/usecase/schedule_usecase.go:289.37,296.61 2 0
DartScheduler/usecase/schedule_usecase.go:296.61,298.4 1 0
DartScheduler/usecase/schedule_usecase.go:301.2,302.31 2 0
DartScheduler/usecase/schedule_usecase.go:306.92,308.61 2 0
DartScheduler/usecase/schedule_usecase.go:308.61,310.3 1 0
DartScheduler/usecase/schedule_usecase.go:311.2,311.62 1 0
DartScheduler/usecase/schedule_usecase.go:311.62,313.3 1 0
DartScheduler/usecase/schedule_usecase.go:314.2,314.53 1 0
DartScheduler/usecase/schedule_usecase.go:314.53,316.3 1 0
DartScheduler/usecase/schedule_usecase.go:317.2,318.12 2 0
DartScheduler/usecase/schedule_usecase.go:321.90,323.60 2 0
DartScheduler/usecase/schedule_usecase.go:323.60,325.3 1 0
DartScheduler/usecase/schedule_usecase.go:326.2,326.52 1 0
DartScheduler/usecase/schedule_usecase.go:326.52,328.3 1 0
DartScheduler/usecase/schedule_usecase.go:329.2,330.12 2 0
DartScheduler/usecase/schedule_usecase.go:336.138,339.16 3 0
DartScheduler/usecase/schedule_usecase.go:339.16,341.3 1 0
DartScheduler/usecase/schedule_usecase.go:342.2,343.30 2 0
DartScheduler/usecase/schedule_usecase.go:343.30,344.24 1 0
DartScheduler/usecase/schedule_usecase.go:344.24,346.4 1 0
DartScheduler/usecase/schedule_usecase.go:348.2,354.69 2 0
DartScheduler/usecase/schedule_usecase.go:354.69,356.3 1 0
DartScheduler/usecase/schedule_usecase.go:357.2,358.16 2 0
DartScheduler/usecase/schedule_usecase.go:358.16,360.3 1 0
DartScheduler/usecase/schedule_usecase.go:361.2,361.31 1 0
DartScheduler/usecase/schedule_usecase.go:365.115,368.16 3 0
DartScheduler/usecase/schedule_usecase.go:368.16,370.3 1 0
DartScheduler/usecase/schedule_usecase.go:371.2,372.31 2 0
DartScheduler/usecase/schedule_usecase.go:372.31,374.3 1 0
DartScheduler/usecase/schedule_usecase.go:376.2,377.16 2 0
DartScheduler/usecase/schedule_usecase.go:377.16,379.3 1 0
DartScheduler/usecase/schedule_usecase.go:382.2,383.30 2 0
DartScheduler/usecase/schedule_usecase.go:383.30,384.27 1 0
DartScheduler/usecase/schedule_usecase.go:384.27,386.4 1 0
DartScheduler/usecase/schedule_usecase.go:389.2,394.37 3 0
DartScheduler/usecase/schedule_usecase.go:394.37,396.17 2 0
DartScheduler/usecase/schedule_usecase.go:396.17,398.4 1 0
DartScheduler/usecase/schedule_usecase.go:399.3,399.29 1 0
DartScheduler/usecase/schedule_usecase.go:399.29,402.4 2 0
DartScheduler/usecase/schedule_usecase.go:405.2,406.34 2 0
DartScheduler/usecase/schedule_usecase.go:406.34,412.3 1 0
DartScheduler/usecase/schedule_usecase.go:415.2,416.27 2 0
DartScheduler/usecase/schedule_usecase.go:416.27,417.40 1 0
DartScheduler/usecase/schedule_usecase.go:417.40,419.4 1 0
DartScheduler/usecase/schedule_usecase.go:420.3,420.49 1 0
DartScheduler/usecase/schedule_usecase.go:424.2,425.37 2 0
DartScheduler/usecase/schedule_usecase.go:425.37,427.3 1 0
DartScheduler/usecase/schedule_usecase.go:429.2,430.16 2 0
DartScheduler/usecase/schedule_usecase.go:430.16,432.3 1 0
DartScheduler/usecase/schedule_usecase.go:434.2,436.32 3 0
DartScheduler/usecase/schedule_usecase.go:436.32,440.42 4 0
DartScheduler/usecase/schedule_usecase.go:440.42,441.12 1 0
DartScheduler/usecase/schedule_usecase.go:443.3,447.19 4 0
DartScheduler/usecase/schedule_usecase.go:447.19,448.12 1 0
DartScheduler/usecase/schedule_usecase.go:451.3,452.40 2 0
DartScheduler/usecase/schedule_usecase.go:452.40,453.32 1 0
DartScheduler/usecase/schedule_usecase.go:453.32,455.5 1 0
DartScheduler/usecase/schedule_usecase.go:457.3,457.46 1 0
DartScheduler/usecase/schedule_usecase.go:457.46,459.4 1 0
DartScheduler/usecase/schedule_usecase.go:461.3,463.34 3 0
DartScheduler/usecase/schedule_usecase.go:463.34,466.4 2 0
DartScheduler/usecase/schedule_usecase.go:468.3,477.5 1 0
DartScheduler/usecase/schedule_usecase.go:480.2,481.31 2 0
DartScheduler/usecase/schedule_usecase.go:481.31,483.3 1 0
DartScheduler/usecase/schedule_usecase.go:485.2,486.37 2 0
DartScheduler/usecase/schedule_usecase.go:486.37,492.3 1 0
DartScheduler/usecase/schedule_usecase.go:494.2,501.8 2 0
DartScheduler/usecase/schedule_usecase.go:507.105,509.16 2 1
DartScheduler/usecase/schedule_usecase.go:509.16,511.3 1 0
DartScheduler/usecase/schedule_usecase.go:514.2,515.16 2 1
DartScheduler/usecase/schedule_usecase.go:515.16,517.3 1 0
DartScheduler/usecase/schedule_usecase.go:520.2,521.31 2 1
DartScheduler/usecase/schedule_usecase.go:521.31,523.3 1 1
DartScheduler/usecase/schedule_usecase.go:526.2,529.30 3 1
DartScheduler/usecase/schedule_usecase.go:529.30,530.26 1 1
DartScheduler/usecase/schedule_usecase.go:530.26,531.24 1 1
DartScheduler/usecase/schedule_usecase.go:531.24,534.19 3 1
DartScheduler/usecase/schedule_usecase.go:534.19,536.6 1 0
DartScheduler/usecase/schedule_usecase.go:537.5,538.27 2 1
DartScheduler/usecase/schedule_usecase.go:540.4,540.42 1 1
DartScheduler/usecase/schedule_usecase.go:541.9,543.4 1 1
DartScheduler/usecase/schedule_usecase.go:545.2,546.19 2 1
DartScheduler/usecase/score_usecase.go:17.150,19.2 1 1
DartScheduler/usecase/score_usecase.go:23.80,25.16 2 1
DartScheduler/usecase/score_usecase.go:25.16,27.3 1 1
DartScheduler/usecase/score_usecase.go:30.2,32.79 3 1
DartScheduler/usecase/score_usecase.go:32.79,33.19 1 1
DartScheduler/usecase/score_usecase.go:33.19,34.12 1 1
DartScheduler/usecase/score_usecase.go:36.3,36.22 1 1
DartScheduler/usecase/score_usecase.go:36.22,38.4 1 1
DartScheduler/usecase/score_usecase.go:38.9,40.4 1 1
DartScheduler/usecase/score_usecase.go:43.2,65.44 19 1
DartScheduler/usecase/score_usecase.go:69.138,71.16 2 1
DartScheduler/usecase/score_usecase.go:71.16,73.3 1 0
DartScheduler/usecase/score_usecase.go:74.2,74.28 1 1
DartScheduler/usecase/score_usecase.go:74.28,75.53 1 1
DartScheduler/usecase/score_usecase.go:75.53,76.12 1 1
DartScheduler/usecase/score_usecase.go:78.3,78.15 1 1
DartScheduler/usecase/score_usecase.go:78.15,79.12 1 1
DartScheduler/usecase/score_usecase.go:81.3,81.25 1 1
DartScheduler/usecase/score_usecase.go:81.25,82.12 1 1
DartScheduler/usecase/score_usecase.go:84.3,85.57 2 1
DartScheduler/usecase/score_usecase.go:85.57,87.4 1 0
DartScheduler/usecase/score_usecase.go:89.2,90.12 2 1
DartScheduler/usecase/score_usecase.go:95.136,98.23 3 0
DartScheduler/usecase/score_usecase.go:98.23,100.29 2 0
DartScheduler/usecase/score_usecase.go:100.29,102.16 2 0
DartScheduler/usecase/score_usecase.go:102.16,104.5 1 0
DartScheduler/usecase/score_usecase.go:105.4,105.25 1 0
DartScheduler/usecase/score_usecase.go:105.25,106.17 1 0
DartScheduler/usecase/score_usecase.go:106.17,107.34 1 0
DartScheduler/usecase/score_usecase.go:107.34,110.7 2 0
DartScheduler/usecase/score_usecase.go:114.8,116.17 2 0
DartScheduler/usecase/score_usecase.go:116.17,118.4 1 0
DartScheduler/usecase/score_usecase.go:122.2,123.28 2 0
DartScheduler/usecase/score_usecase.go:123.28,125.3 1 0
DartScheduler/usecase/score_usecase.go:128.2,129.23 2 0
DartScheduler/usecase/score_usecase.go:129.23,131.15 2 0
DartScheduler/usecase/score_usecase.go:131.15,132.32 1 0
DartScheduler/usecase/score_usecase.go:132.32,134.5 1 0
DartScheduler/usecase/score_usecase.go:138.2,138.48 1 0
DartScheduler/usecase/score_usecase.go:138.48,148.3 3 0
DartScheduler/usecase/score_usecase.go:150.2,155.30 3 0
DartScheduler/usecase/score_usecase.go:155.30,156.26 1 0
DartScheduler/usecase/score_usecase.go:156.26,158.16 2 0
DartScheduler/usecase/score_usecase.go:158.16,161.5 2 0
DartScheduler/usecase/score_usecase.go:162.4,162.55 1 0
DartScheduler/usecase/score_usecase.go:164.3,164.24 1 0
DartScheduler/usecase/score_usecase.go:164.24,166.16 2 0
DartScheduler/usecase/score_usecase.go:166.16,169.5 2 0
DartScheduler/usecase/score_usecase.go:170.4,170.55 1 0
DartScheduler/usecase/score_usecase.go:174.2,174.40 1 0
DartScheduler/usecase/score_usecase.go:174.40,175.38 1 0
DartScheduler/usecase/score_usecase.go:175.38,175.82 1 0
DartScheduler/usecase/score_usecase.go:178.2,179.28 2 0
DartScheduler/usecase/score_usecase.go:179.28,182.15 3 0
DartScheduler/usecase/score_usecase.go:182.15,187.4 4 0
DartScheduler/usecase/score_usecase.go:188.3,195.5 1 0
DartScheduler/usecase/score_usecase.go:197.2,197.17 1 0
DartScheduler/usecase/score_usecase.go:202.134,204.25 2 0
DartScheduler/usecase/score_usecase.go:204.25,206.3 1 0
DartScheduler/usecase/score_usecase.go:208.2,208.28 1 0
DartScheduler/usecase/score_usecase.go:208.28,211.24 3 0
DartScheduler/usecase/score_usecase.go:211.24,213.4 1 0
DartScheduler/usecase/score_usecase.go:213.9,215.4 1 0
DartScheduler/usecase/score_usecase.go:216.3,216.17 1 0
DartScheduler/usecase/score_usecase.go:216.17,218.4 1 0
DartScheduler/usecase/score_usecase.go:219.3,220.29 2 0
DartScheduler/usecase/score_usecase.go:220.29,221.55 1 0
DartScheduler/usecase/score_usecase.go:221.55,222.13 1 0
DartScheduler/usecase/score_usecase.go:224.4,225.11 2 0
DartScheduler/usecase/score_usecase.go:225.11,226.13 1 0
DartScheduler/usecase/score_usecase.go:228.4,230.25 3 0
DartScheduler/usecase/score_usecase.go:230.25,232.5 1 0
DartScheduler/usecase/score_usecase.go:232.10,234.5 1 0
DartScheduler/usecase/score_usecase.go:235.4,237.11 3 0
DartScheduler/usecase/score_usecase.go:238.28,239.14 1 0
DartScheduler/usecase/score_usecase.go:240.28,241.16 1 0
DartScheduler/usecase/score_usecase.go:242.12,243.15 1 0
DartScheduler/usecase/score_usecase.go:245.5,249.93 2 0
DartScheduler/usecase/score_usecase.go:249.93,250.34 1 0
DartScheduler/usecase/score_usecase.go:250.34,252.6 1 0
DartScheduler/usecase/score_usecase.go:255.3,255.59 1 0
DartScheduler/usecase/score_usecase.go:255.59,258.34 3 0
DartScheduler/usecase/score_usecase.go:258.34,260.17 2 0
DartScheduler/usecase/score_usecase.go:260.17,262.6 1 0
DartScheduler/usecase/score_usecase.go:264.4,266.44 3 0
DartScheduler/usecase/score_usecase.go:271.2,271.48 1 0
DartScheduler/usecase/score_usecase.go:271.48,273.17 2 0
DartScheduler/usecase/score_usecase.go:273.17,275.4 1 0
DartScheduler/usecase/score_usecase.go:276.3,277.28 2 0
DartScheduler/usecase/score_usecase.go:277.28,279.4 1 0
DartScheduler/usecase/score_usecase.go:280.3,280.33 1 0
DartScheduler/usecase/score_usecase.go:280.33,281.31 1 0
DartScheduler/usecase/score_usecase.go:281.31,284.5 2 0
DartScheduler/usecase/score_usecase.go:288.2,289.28 2 0
DartScheduler/usecase/score_usecase.go:289.28,291.3 1 0
DartScheduler/usecase/score_usecase.go:292.2,292.17 1 0
DartScheduler/infra/excel/evening_exporter.go:25.147,27.2 1 0
DartScheduler/infra/excel/evening_exporter.go:37.125,40.28 2 0
DartScheduler/infra/excel/evening_exporter.go:40.28,42.3 1 0
DartScheduler/infra/excel/evening_exporter.go:44.2,44.46 1 0
DartScheduler/infra/excel/evening_exporter.go:44.46,46.64 2 0
DartScheduler/infra/excel/evening_exporter.go:46.64,48.4 1 0
DartScheduler/infra/excel/evening_exporter.go:49.3,49.34 1 0
DartScheduler/infra/excel/evening_exporter.go:51.2,51.40 1 0
DartScheduler/infra/excel/evening_exporter.go:51.40,53.22 2 0
DartScheduler/infra/excel/evening_exporter.go:53.22,55.4 1 0
DartScheduler/infra/excel/evening_exporter.go:56.3,56.24 1 0
DartScheduler/infra/excel/evening_exporter.go:58.2,58.45 1 0
DartScheduler/infra/excel/evening_exporter.go:58.45,59.16 1 0
DartScheduler/infra/excel/evening_exporter.go:59.16,61.4 1 0
DartScheduler/infra/excel/evening_exporter.go:62.3,62.29 1 0
DartScheduler/infra/excel/evening_exporter.go:62.29,63.18 1 0
DartScheduler/infra/excel/evening_exporter.go:63.18,64.13 1 0
DartScheduler/infra/excel/evening_exporter.go:66.4,66.77 1 0
DartScheduler/infra/excel/evening_exporter.go:66.77,68.5 1 0
DartScheduler/infra/excel/evening_exporter.go:70.3,70.13 1 0
DartScheduler/infra/excel/evening_exporter.go:74.2,80.116 5 0
DartScheduler/infra/excel/evening_exporter.go:80.116,82.3 1 0
DartScheduler/infra/excel/evening_exporter.go:85.2,85.42 1 0
DartScheduler/infra/excel/evening_exporter.go:85.42,86.63 1 0
DartScheduler/infra/excel/evening_exporter.go:86.63,87.12 1 0
DartScheduler/infra/excel/evening_exporter.go:89.3,91.126 3 0
DartScheduler/infra/excel/evening_exporter.go:91.126,93.4 1 0
DartScheduler/infra/excel/evening_exporter.go:96.2,96.19 1 0
DartScheduler/infra/excel/evening_exporter.go:110.9,112.48 1 0
DartScheduler/infra/excel/evening_exporter.go:112.48,114.12 2 0
DartScheduler/infra/excel/evening_exporter.go:114.12,116.4 1 0
DartScheduler/infra/excel/evening_exporter.go:117.3,117.12 1 0
DartScheduler/infra/excel/evening_exporter.go:117.12,119.4 1 0
DartScheduler/infra/excel/evening_exporter.go:120.3,120.12 1 0
DartScheduler/infra/excel/evening_exporter.go:120.12,122.4 1 0
DartScheduler/infra/excel/evening_exporter.go:123.3,123.12 1 0
DartScheduler/infra/excel/evening_exporter.go:123.12,125.4 1 0
DartScheduler/infra/excel/evening_exporter.go:126.3,126.17 1 0
DartScheduler/infra/excel/evening_exporter.go:128.2,128.36 1 0
DartScheduler/infra/excel/evening_exporter.go:128.36,131.3 2 0
DartScheduler/infra/excel/evening_exporter.go:132.2,133.39 2 0
DartScheduler/infra/excel/evening_exporter.go:133.39,139.3 1 0
DartScheduler/infra/excel/evening_exporter.go:142.2,153.4 5 0
DartScheduler/infra/excel/evening_exporter.go:153.4,155.3 1 0
DartScheduler/infra/excel/evening_exporter.go:158.2,165.25 5 0
DartScheduler/infra/excel/evening_exporter.go:165.25,167.3 1 0
DartScheduler/infra/excel/evening_exporter.go:168.2,202.68 22 0
DartScheduler/infra/excel/evening_exporter.go:202.68,204.3 1 0
DartScheduler/infra/excel/evening_exporter.go:205.2,271.45 22 0
DartScheduler/infra/excel/evening_exporter.go:271.45,273.28 2 0
DartScheduler/infra/excel/evening_exporter.go:273.28,282.4 1 0
DartScheduler/infra/excel/evening_exporter.go:283.3,283.13 1 0
DartScheduler/infra/excel/evening_exporter.go:286.2,288.25 3 0
DartScheduler/infra/excel/evening_exporter.go:288.25,290.3 1 0
DartScheduler/infra/excel/evening_exporter.go:292.2,299.15 7 0
DartScheduler/infra/excel/evening_exporter.go:299.15,301.3 1 0
DartScheduler/infra/excel/evening_exporter.go:302.2,307.33 3 0
DartScheduler/infra/excel/evening_exporter.go:307.33,312.26 4 0
DartScheduler/infra/excel/evening_exporter.go:312.26,318.54 5 0
DartScheduler/infra/excel/evening_exporter.go:318.54,320.30 2 0
DartScheduler/infra/excel/evening_exporter.go:320.30,322.6 1 0
DartScheduler/infra/excel/evening_exporter.go:322.11,324.6 1 0
DartScheduler/infra/excel/evening_exporter.go:326.4,327.23 2 0
DartScheduler/infra/excel/evening_exporter.go:327.23,329.5 1 0
DartScheduler/infra/excel/evening_exporter.go:330.4,330.23 1 0
DartScheduler/infra/excel/evening_exporter.go:330.23,332.5 1 0
DartScheduler/infra/excel/evening_exporter.go:333.4,333.23 1 0
DartScheduler/infra/excel/evening_exporter.go:333.23,335.5 1 0
DartScheduler/infra/excel/evening_exporter.go:336.4,343.5 1 0
DartScheduler/infra/excel/evening_exporter.go:344.9,346.4 1 0
DartScheduler/infra/excel/evening_exporter.go:347.3,347.28 1 0
DartScheduler/infra/excel/evening_exporter.go:347.28,349.4 1 0
DartScheduler/infra/excel/evening_exporter.go:353.2,353.33 1 0
DartScheduler/infra/excel/evening_exporter.go:353.33,359.10 5 0
DartScheduler/infra/excel/evening_exporter.go:360.26,363.26 3 0
DartScheduler/infra/excel/evening_exporter.go:363.26,365.5 1 0
DartScheduler/infra/excel/evening_exporter.go:366.4,366.34 1 0
DartScheduler/infra/excel/evening_exporter.go:367.16,368.25 1 0
DartScheduler/infra/excel/evening_exporter.go:369.15,370.28 1 0
DartScheduler/infra/excel/evening_exporter.go:371.11,372.25 1 0
DartScheduler/infra/excel/evening_exporter.go:374.3,374.28 1 0
DartScheduler/infra/excel/evening_exporter.go:374.28,376.4 1 0
DartScheduler/infra/excel/evening_exporter.go:380.2,409.12 12 0
DartScheduler/infra/excel/exporter.go:16.112,19.28 2 0
DartScheduler/infra/excel/exporter.go:19.28,21.3 1 0
DartScheduler/infra/excel/exporter.go:23.2,30.30 6 0
DartScheduler/infra/excel/exporter.go:30.30,33.3 2 0
DartScheduler/infra/excel/exporter.go:35.2,36.36 2 0
DartScheduler/infra/excel/exporter.go:36.36,37.32 1 0
DartScheduler/infra/excel/exporter.go:37.32,39.23 2 0
DartScheduler/infra/excel/exporter.go:39.23,41.5 1 0
DartScheduler/infra/excel/exporter.go:42.4,42.23 1 0
DartScheduler/infra/excel/exporter.go:42.23,44.5 1 0
DartScheduler/infra/excel/exporter.go:45.4,53.29 2 0
DartScheduler/infra/excel/exporter.go:53.29,56.5 2 0
DartScheduler/infra/excel/exporter.go:57.4,57.9 1 0
DartScheduler/infra/excel/exporter.go:61.2,61.19 1 0
DartScheduler/infra/excel/importer.go:21.64,23.16 2 1
DartScheduler/infra/excel/importer.go:23.16,25.3 1 0
DartScheduler/infra/excel/importer.go:26.2,29.22 3 1
DartScheduler/infra/excel/importer.go:29.22,31.3 1 0
DartScheduler/infra/excel/importer.go:32.2,33.16 2 1
DartScheduler/infra/excel/importer.go:33.16,35.3 1 0
DartScheduler/infra/excel/importer.go:36.2,36.19 1 1
DartScheduler/infra/excel/importer.go:36.19,38.3 1 1
DartScheduler/infra/excel/importer.go:41.2,46.27 5 1
DartScheduler/infra/excel/importer.go:46.27,47.48 1 1
DartScheduler/infra/excel/importer.go:48.13,49.13 1 1
DartScheduler/infra/excel/importer.go:50.23,51.15 1 1
DartScheduler/infra/excel/importer.go:52.62,53.16 1 1
DartScheduler/infra/excel/importer.go:54.18,55.18 1 1
DartScheduler/infra/excel/importer.go:56.16,57.18 1 1
DartScheduler/infra/excel/importer.go:58.25,59.21 1 1
DartScheduler/infra/excel/importer.go:60.42,61.15 1 1
DartScheduler/infra/excel/importer.go:62.19,63.16 1 1
DartScheduler/infra/excel/importer.go:64.17,65.17 1 1
DartScheduler/infra/excel/importer.go:66.20,67.22 1 1
DartScheduler/infra/excel/importer.go:68.26,69.16 1 1
DartScheduler/infra/excel/importer.go:70.16,71.16 1 0
DartScheduler/infra/excel/importer.go:74.2,74.17 1 1
DartScheduler/infra/excel/importer.go:74.17,76.3 1 1
DartScheduler/infra/excel/importer.go:78.2,78.45 1 1
DartScheduler/infra/excel/importer.go:78.45,79.33 1 1
DartScheduler/infra/excel/importer.go:79.33,81.4 1 1
DartScheduler/infra/excel/importer.go:82.3,82.37 1 1
DartScheduler/infra/excel/importer.go:85.2,86.31 2 1
DartScheduler/infra/excel/importer.go:86.31,88.17 2 1
DartScheduler/infra/excel/importer.go:88.17,89.12 1 1
DartScheduler/infra/excel/importer.go:91.3,92.50 2 1
DartScheduler/infra/excel/importer.go:92.50,93.12 1 1
DartScheduler/infra/excel/importer.go:95.3,108.5 1 1
DartScheduler/infra/excel/importer.go:110.2,110.17 1 1
DartScheduler/infra/excel/season_importer.go:58.56,60.16 2 0
DartScheduler/infra/excel/season_importer.go:60.16,62.3 1 0
DartScheduler/infra/excel/season_importer.go:63.2,66.22 3 0
DartScheduler/infra/excel/season_importer.go:66.22,68.3 1 0
DartScheduler/infra/excel/season_importer.go:71.2,71.35 1 0
DartScheduler/infra/excel/season_importer.go:71.35,73.34 2 0
DartScheduler/infra/excel/season_importer.go:73.34,74.12 1 0
DartScheduler/infra/excel/season_importer.go:76.3,76.33 1 0
DartScheduler/infra/excel/season_importer.go:76.33,79.4 2 0
DartScheduler/infra/excel/season_importer.go:80.3,80.50 1 0
DartScheduler/infra/excel/season_importer.go:80.50,82.4 1 0
DartScheduler/infra/excel/season_importer.go:85.2,85.216 1 0
DartScheduler/infra/excel/season_importer.go:89.46,90.32 1 0
DartScheduler/infra/excel/season_importer.go:90.32,95.3 4 0
DartScheduler/infra/excel/season_importer.go:96.2,97.27 2 0
DartScheduler/infra/excel/season_importer.go:97.27,99.31 2 0
DartScheduler/infra/excel/season_importer.go:99.31,100.15 1 0
DartScheduler/infra/excel/season_importer.go:100.15,102.5 1 0
DartScheduler/infra/excel/season_importer.go:105.2,105.14 1 0
DartScheduler/infra/excel/season_importer.go:113.66,126.31 7 0
DartScheduler/infra/excel/season_importer.go:126.31,128.10 2 0
DartScheduler/infra/excel/season_importer.go:128.10,129.12 1 0
DartScheduler/infra/excel/season_importer.go:131.3,132.77 2 0
DartScheduler/infra/excel/season_importer.go:135.2,135.20 1 0
DartScheduler/infra/excel/season_importer.go:135.20,137.3 1 0
DartScheduler/infra/excel/season_importer.go:140.2,141.26 2 0
DartScheduler/infra/excel/season_importer.go:141.26,143.32 2 0
DartScheduler/infra/excel/season_importer.go:143.32,144.28 1 0
DartScheduler/infra/excel/season_importer.go:144.28,146.5 1 0
DartScheduler/infra/excel/season_importer.go:148.3,148.63 1 0
DartScheduler/infra/excel/season_importer.go:148.63,150.4 1 0
DartScheduler/infra/excel/season_importer.go:153.2,154.26 2 0
DartScheduler/infra/excel/season_importer.go:154.26,155.29 1 0
DartScheduler/infra/excel/season_importer.go:155.29,160.12 2 0
DartScheduler/infra/excel/season_importer.go:162.3,162.32 1 0
DartScheduler/infra/excel/season_importer.go:162.32,163.29 1 0
DartScheduler/infra/excel/season_importer.go:163.29,164.13 1 0
DartScheduler/infra/excel/season_importer.go:166.4,167.18 2 0
DartScheduler/infra/excel/season_importer.go:167.18,168.13 1 0
DartScheduler/infra/excel/season_importer.go:171.4,171.63 1 0
DartScheduler/infra/excel/season_importer.go:171.63,180.13 2 0
DartScheduler/infra/excel/season_importer.go:183.4,183.59 1 0
DartScheduler/infra/excel/season_importer.go:183.59,190.5 1 0
DartScheduler/infra/excel/season_importer.go:194.2,194.21 1 0
DartScheduler/infra/excel/season_importer.go:212.90,214.13 2 0
DartScheduler/infra/excel/season_importer.go:214.13,216.3 1 0
DartScheduler/infra/excel/season_importer.go:219.2,219.55 1 0
DartScheduler/infra/excel/season_importer.go:219.55,223.3 3 0
DartScheduler/infra/excel/season_importer.go:225.2,225.74 1 0
DartScheduler/infra/excel/season_importer.go:225.74,226.50 1 0
DartScheduler/infra/excel/season_importer.go:226.50,230.4 3 0
DartScheduler/infra/excel/season_importer.go:234.2,235.21 2 0
DartScheduler/infra/excel/season_importer.go:235.21,238.43 3 0
DartScheduler/infra/excel/season_importer.go:238.43,240.18 2 0
DartScheduler/infra/excel/season_importer.go:240.18,244.5 3 0
DartScheduler/infra/excel/season_importer.go:248.2,248.27 1 0
DartScheduler/infra/excel/season_importer.go:254.80,255.24 1 0
DartScheduler/infra/excel/season_importer.go:255.24,257.25 2 0
DartScheduler/infra/excel/season_importer.go:257.25,259.4 1 0
DartScheduler/infra/excel/season_importer.go:259.9,261.4 1 0
DartScheduler/infra/excel/season_importer.go:264.2,264.43 1 0
DartScheduler/infra/excel/season_importer.go:264.43,266.3 1 0
DartScheduler/infra/excel/season_importer.go:267.2,267.22 1 0
DartScheduler/infra/excel/season_importer.go:271.64,272.19 1 0
DartScheduler/infra/excel/season_importer.go:272.19,274.3 1 0
DartScheduler/infra/excel/season_importer.go:276.2,276.32 1 0
DartScheduler/infra/excel/season_importer.go:276.32,281.3 4 0
DartScheduler/infra/excel/season_importer.go:282.2,283.35 2 0
DartScheduler/infra/excel/season_importer.go:283.35,284.30 1 0
DartScheduler/infra/excel/season_importer.go:284.30,285.29 1 0
DartScheduler/infra/excel/season_importer.go:285.29,286.24 1 0
DartScheduler/infra/excel/season_importer.go:286.24,288.6 1 0
DartScheduler/infra/excel/season_importer.go:291.3,291.12 1 0
DartScheduler/infra/excel/season_importer.go:293.2,293.43 1 0
DartScheduler/infra/excel/season_importer.go:293.43,294.29 1 0
DartScheduler/infra/excel/season_importer.go:294.29,296.4 1 0
DartScheduler/infra/excel/season_importer.go:297.3,297.35 1 0
DartScheduler/infra/excel/season_importer.go:299.2,299.29 1 0
DartScheduler/infra/excel/season_importer.go:299.29,302.3 2 0
DartScheduler/infra/excel/season_importer.go:303.2,303.40 1 0
DartScheduler/infra/excel/season_importer.go:303.40,308.3 4 0
DartScheduler/infra/excel/season_importer.go:310.2,314.16 5 0
DartScheduler/infra/excel/season_importer.go:314.16,316.3 1 0
DartScheduler/infra/excel/season_importer.go:317.2,330.31 13 0
DartScheduler/infra/excel/season_importer.go:330.31,333.29 3 0
DartScheduler/infra/excel/season_importer.go:333.29,334.12 1 0
DartScheduler/infra/excel/season_importer.go:336.3,337.40 2 0
DartScheduler/infra/excel/season_importer.go:337.40,339.23 2 0
DartScheduler/infra/excel/season_importer.go:339.23,342.5 2 0
DartScheduler/infra/excel/season_importer.go:344.3,361.5 1 0
DartScheduler/infra/excel/season_importer.go:363.2,363.17 1 0
